<?xml version="1.0" encoding="UTF-8"?>
<!-- Generated by org.testng.reporters.JUnitReportReporter -->
<testsuite skipped="0" hostname="ACLA039P2850" name="com.masherqbank.runner.RunnerClass" tests="6" failures="0" timestamp="30 May 2019 20:27:36 GMT" time="57.633" errors="0">
  <testcase name="runScenario" time="4.352" classname="com.masherqbank.runner.RunnerClass"/>
  <testcase name="runScenario" time="15.111" classname="com.masherqbank.runner.RunnerClass"/>
  <testcase name="runScenario" time="7.832" classname="com.masherqbank.runner.RunnerClass"/>
  <testcase name="runScenario" time="5.242" classname="com.masherqbank.runner.RunnerClass"/>
  <testcase name="runScenario" time="16.900" classname="com.masherqbank.runner.RunnerClass"/>
  <testcase name="runScenario" time="8.196" classname="com.masherqbank.runner.RunnerClass"/>
</testsuite> <!-- com.masherqbank.runner.RunnerClass -->
